<?xml version="1.0" encoding="UTF-8"?>
<!-- Generated by org.testng.reporters.JUnitReportReporter -->
<testsuite hostname="DESKTOP-3JIP3OF" name="com.ep.testscripts.TestSuite" tests="4" failures="0" timestamp="20 Nov 2018 09:44:44 GMT" time="9.652" errors="0">
  <testcase name="ChangePassword" time="0.035" classname="com.ep.testscripts.TestSuite"/>
  <testcase name="Login" time="0.028" classname="com.ep.testscripts.TestSuite"/>
  <testcase name="ChangePassword" time="1.866" classname="com.ep.testscripts.TestSuite"/>
  <testcase name="Login" time="7.723" classname="com.ep.testscripts.TestSuite"/>
</testsuite> <!-- com.ep.testscripts.TestSuite -->
